16/12/2015 08:30:38 a.m.: Unable to complete network request to host "SERVIDORX".
16/12/2015 08:30:41 a.m.: Unable to complete network request to host "SERVIDORX".
16/12/2015 08:30:41 a.m.: Referencia a objeto no establecida como instancia de un objeto.
16/12/2015 08:31:47 a.m.: Unable to complete network request to host "SERVIDORX".
16/12/2015 08:31:50 a.m.: Unable to complete network request to host "SERVIDORX".
16/12/2015 08:31:50 a.m.: Referencia a objeto no establecida como instancia de un objeto.
16/12/2015 08:32:16 a.m.: Unable to complete network request to host "SERVIDORX".
16/12/2015 08:32:19 a.m.: Unable to complete network request to host "SERVIDORX".
16/12/2015 08:32:22 a.m.: Referencia a objeto no establecida como instancia de un objeto.
16/12/2015 08:32:32 a.m.: Unable to complete network request to host "SERVIDORX".
16/12/2015 08:32:56 a.m.: Unable to complete network request to host "SERVIDORX".
16/12/2015 08:33:22 a.m.: Unable to complete network request to host "SERVIDORX".
16/12/2015 08:35:52 a.m.: See inner exception(s) for details.
16/12/2015 08:35:52 a.m.: Referencia a objeto no establecida como instancia de un objeto.
16/12/2015 08:43:37 a.m.: See inner exception(s) for details.
16/12/2015 08:43:37 a.m.: Referencia a objeto no establecida como instancia de un objeto.
16/12/2015 08:45:03 a.m.: See inner exception(s) for details.
16/12/2015 08:45:03 a.m.: Referencia a objeto no establecida como instancia de un objeto.
16/12/2015 08:46:13 a.m.: See inner exception(s) for details.
16/12/2015 08:46:13 a.m.: Referencia a objeto no establecida como instancia de un objeto.
16/12/2015 08:47:52 a.m.: Referencia a objeto no establecida como instancia de un objeto.
16/12/2015 08:47:56 a.m.: Referencia a objeto no establecida como instancia de un objeto.
16/12/2015 08:49:02 a.m.: See inner exception(s) for details.
16/12/2015 08:49:05 a.m.: No se puede convertir un objeto de tipo 'System.Windows.Forms.BindingSource' al tipo 'System.Collections.Generic.List`1[CorteDeSucursales.Modelos.DoctosVE]'.
16/12/2015 08:54:41 a.m.: See inner exception(s) for details.
16/12/2015 08:54:41 a.m.: No se puede convertir un objeto de tipo 'System.Windows.Forms.BindingSource' al tipo 'System.Collections.Generic.List`1[CorteDeSucursales.Modelos.DoctosVE]'.
16/12/2015 08:56:41 a.m.: See inner exception(s) for details.
16/12/2015 08:56:41 a.m.: No se puede convertir un objeto de tipo 'System.Windows.Forms.BindingSource' al tipo 'System.Collections.Generic.List`1[CorteDeSucursales.Modelos.DoctosVE]'.
16/12/2015 08:57:41 a.m.: See inner exception(s) for details.
16/12/2015 08:57:41 a.m.: No se puede convertir un objeto de tipo 'System.Windows.Forms.BindingSource' al tipo 'System.Collections.Generic.List`1[CorteDeSucursales.Modelos.DoctosVE]'.
16/12/2015 08:58:03 a.m.: See inner exception(s) for details.
16/12/2015 08:58:03 a.m.: No se puede convertir un objeto de tipo 'System.Windows.Forms.BindingSource' al tipo 'System.Collections.Generic.List`1[CorteDeSucursales.Modelos.DoctosVE]'.
16/12/2015 08:59:17 a.m.: No se puede convertir un objeto de tipo 'System.Windows.Forms.BindingSource' al tipo 'System.Collections.Generic.List`1[CorteDeSucursales.Modelos.DoctosVE]'.
16/12/2015 09:03:13 a.m.: No se puede convertir un objeto de tipo 'System.Windows.Forms.BindingSource' al tipo 'System.Collections.Generic.List`1[CorteDeSucursales.Modelos.DoctosVE]'.
16/12/2015 09:08:56 a.m.: No se puede convertir un objeto de tipo 'System.Windows.Forms.BindingSource' al tipo 'System.Collections.Generic.List`1[CorteDeSucursales.Modelos.DoctosVE]'.
16/12/2015 09:14:29 a.m.: No se puede convertir un objeto de tipo 'System.Windows.Forms.BindingSource' al tipo 'System.Collections.Generic.List`1[CorteDeSucursales.Modelos.DoctosVE]'.
16/12/2015 09:20:59 a.m.: No se puede convertir un objeto de tipo 'System.Windows.Forms.BindingSource' al tipo 'System.Collections.Generic.List`1[CorteDeSucursales.Modelos.DoctosVE]'.
16/12/2015 09:21:53 a.m.: See inner exception(s) for details.
16/12/2015 09:21:53 a.m.: No se puede convertir un objeto de tipo 'System.Windows.Forms.BindingSource' al tipo 'System.Collections.Generic.List`1[CorteDeSucursales.Modelos.DoctosVE]'.
16/12/2015 09:22:16 a.m.: No se puede convertir un objeto de tipo 'System.Windows.Forms.BindingSource' al tipo 'System.Collections.Generic.List`1[CorteDeSucursales.Modelos.DoctosVE]'.
16/12/2015 09:25:39 a.m.: No se puede convertir un objeto de tipo 'System.Windows.Forms.BindingSource' al tipo 'System.Collections.Generic.List`1[CorteDeSucursales.Modelos.DoctosVE]'.
16/12/2015 09:26:56 a.m.: No se puede convertir un objeto de tipo 'System.Windows.Forms.BindingSource' al tipo 'System.Collections.Generic.List`1[CorteDeSucursales.Modelos.DoctosVE]'.
16/12/2015 10:03:25 a.m.: See inner exception(s) for details.
16/12/2015 10:03:25 a.m.: No se puede convertir un objeto de tipo 'System.Windows.Forms.BindingSource' al tipo 'System.Collections.Generic.List`1[CorteDeSucursales.Modelos.DoctosCC]'.
16/12/2015 10:03:42 a.m.: No se puede convertir un objeto de tipo 'System.Windows.Forms.BindingSource' al tipo 'System.Collections.Generic.List`1[CorteDeSucursales.Modelos.DoctosCC]'.
16/12/2015 10:04:31 a.m.: No se puede convertir un objeto de tipo 'System.Windows.Forms.BindingSource' al tipo 'System.Collections.Generic.List`1[CorteDeSucursales.Modelos.DoctosCC]'.
16/12/2015 10:05:31 a.m.: No se puede convertir un objeto de tipo 'System.Windows.Forms.BindingSource' al tipo 'System.Collections.Generic.List`1[CorteDeSucursales.Modelos.DoctosCC]'.
16/12/2015 10:38:31 a.m.: No se puede convertir un objeto de tipo 'System.Windows.Forms.BindingSource' al tipo 'System.Collections.Generic.List`1[CorteDeSucursales.Modelos.DoctosPV]'.
16/12/2015 10:39:16 a.m.: No se puede convertir un objeto de tipo 'System.Collections.Generic.List`1[CorteDeSucursales.Modelos.DoctosVE]' al tipo 'System.Collections.Generic.List`1[CorteDeSucursales.Modelos.DoctosCC]'.
16/12/2015 10:39:16 a.m.: No se puede convertir un objeto de tipo 'System.Windows.Forms.BindingSource' al tipo 'System.Collections.Generic.List`1[CorteDeSucursales.Modelos.DoctosPV]'.
16/12/2015 10:40:22 a.m.: No se puede convertir un objeto de tipo 'System.Collections.Generic.List`1[CorteDeSucursales.Modelos.DoctosVE]' al tipo 'System.Collections.Generic.List`1[CorteDeSucursales.Modelos.DoctosCC]'.
16/12/2015 10:40:22 a.m.: No se puede convertir un objeto de tipo 'System.Windows.Forms.BindingSource' al tipo 'System.Collections.Generic.List`1[CorteDeSucursales.Modelos.DoctosPV]'.
16/12/2015 10:40:36 a.m.: No se puede convertir un objeto de tipo 'System.Collections.Generic.List`1[CorteDeSucursales.Modelos.DoctosVE]' al tipo 'System.Collections.Generic.List`1[CorteDeSucursales.Modelos.DoctosCC]'.
16/12/2015 10:40:36 a.m.: No se puede convertir un objeto de tipo 'System.Windows.Forms.BindingSource' al tipo 'System.Collections.Generic.List`1[CorteDeSucursales.Modelos.DoctosPV]'.
16/12/2015 10:41:16 a.m.: No se puede convertir un objeto de tipo 'System.Collections.Generic.List`1[CorteDeSucursales.Modelos.DoctosVE]' al tipo 'System.Collections.Generic.List`1[CorteDeSucursales.Modelos.DoctosCC]'.
16/12/2015 10:41:17 a.m.: No se puede convertir un objeto de tipo 'System.Windows.Forms.BindingSource' al tipo 'System.Collections.Generic.List`1[CorteDeSucursales.Modelos.DoctosPV]'.
16/12/2015 10:41:42 a.m.: No se puede convertir un objeto de tipo 'System.Windows.Forms.BindingSource' al tipo 'System.Collections.Generic.List`1[CorteDeSucursales.Modelos.DoctosPV]'.
16/12/2015 11:16:47 a.m.: No se puede convertir un objeto de tipo 'System.Windows.Forms.BindingSource' al tipo 'System.Collections.Generic.List`1[CorteDeSucursales.Modelos.DoctosPV]'.
16/12/2015 11:31:06 a.m.: No se puede convertir un objeto DBNull en otros tipos.
16/12/2015 11:31:06 a.m.: No se puede convertir un objeto DBNull en otros tipos.
16/12/2015 11:31:06 a.m.: No se puede convertir un objeto DBNull en otros tipos.
16/12/2015 11:31:06 a.m.: No se puede convertir un objeto DBNull en otros tipos.
16/12/2015 11:31:08 a.m.: No se puede convertir un objeto de tipo 'System.Collections.Generic.List`1[CorteDeSucursales.Modelos.DoctosCC]' al tipo 'System.Collections.Generic.List`1[CorteDeSucursales.Modelos.DoctosPV]'.
16/12/2015 11:31:39 a.m.: No se puede convertir un objeto de tipo 'System.Collections.Generic.List`1[CorteDeSucursales.Modelos.DoctosCC]' al tipo 'System.Collections.Generic.List`1[CorteDeSucursales.Modelos.DoctosPV]'.
16/12/2015 11:32:06 a.m.: No se puede convertir un objeto DBNull en otros tipos.
16/12/2015 11:32:06 a.m.: No se puede convertir un objeto DBNull en otros tipos.
16/12/2015 11:32:06 a.m.: No se puede convertir un objeto DBNull en otros tipos.
16/12/2015 11:32:06 a.m.: No se puede convertir un objeto DBNull en otros tipos.
16/12/2015 11:32:59 a.m.: No se puede convertir un objeto DBNull en otros tipos.
16/12/2015 11:32:59 a.m.: No se puede convertir un objeto DBNull en otros tipos.
16/12/2015 11:32:59 a.m.: No se puede convertir un objeto DBNull en otros tipos.
16/12/2015 11:32:59 a.m.: No se puede convertir un objeto DBNull en otros tipos.
16/12/2015 11:36:07 a.m.: No se puede convertir un objeto DBNull en otros tipos.
16/12/2015 11:36:07 a.m.: No se puede convertir un objeto DBNull en otros tipos.
16/12/2015 11:36:07 a.m.: No se puede convertir un objeto DBNull en otros tipos.
16/12/2015 11:36:07 a.m.: No se puede convertir un objeto DBNull en otros tipos.
16/12/2015 12:09:27 p.m.: No se puede convertir un objeto DBNull en otros tipos.
16/12/2015 12:09:27 p.m.: No se puede convertir un objeto DBNull en otros tipos.
16/12/2015 12:09:27 p.m.: No se puede convertir un objeto DBNull en otros tipos.
16/12/2015 12:09:27 p.m.: No se puede convertir un objeto DBNull en otros tipos.
16/12/2015 12:42:43 p.m.: No se puede convertir un objeto DBNull en otros tipos.
16/12/2015 12:42:44 p.m.: No se puede convertir un objeto DBNull en otros tipos.
16/12/2015 12:42:44 p.m.: No se puede convertir un objeto DBNull en otros tipos.
16/12/2015 12:42:44 p.m.: No se puede convertir un objeto DBNull en otros tipos.
16/12/2015 12:59:26 p.m.: No se puede convertir un objeto DBNull en otros tipos.
16/12/2015 12:59:26 p.m.: No se puede convertir un objeto DBNull en otros tipos.
16/12/2015 12:59:26 p.m.: No se puede convertir un objeto DBNull en otros tipos.
16/12/2015 12:59:26 p.m.: No se puede convertir un objeto DBNull en otros tipos.
16/12/2015 04:25:41 p.m.: No se puede convertir un objeto DBNull en otros tipos.
16/12/2015 04:25:41 p.m.: No se puede convertir un objeto DBNull en otros tipos.
16/12/2015 04:25:41 p.m.: No se puede convertir un objeto DBNull en otros tipos.
16/12/2015 04:25:41 p.m.: No se puede convertir un objeto DBNull en otros tipos.
16/12/2015 04:26:17 p.m.: No se puede convertir un objeto DBNull en otros tipos.
16/12/2015 04:26:17 p.m.: No se puede convertir un objeto DBNull en otros tipos.
16/12/2015 04:26:17 p.m.: No se puede convertir un objeto DBNull en otros tipos.
16/12/2015 04:26:17 p.m.: No se puede convertir un objeto DBNull en otros tipos.
16/12/2015 04:26:19 p.m.: No se puede convertir un objeto DBNull en otros tipos.
16/12/2015 04:26:43 p.m.: No se puede convertir un objeto DBNull en otros tipos.
16/12/2015 04:28:03 p.m.: No se puede convertir un objeto DBNull en otros tipos.
16/12/2015 04:28:03 p.m.: No se puede convertir un objeto DBNull en otros tipos.
16/12/2015 04:28:03 p.m.: No se puede convertir un objeto DBNull en otros tipos.
16/12/2015 04:28:03 p.m.: No se puede convertir un objeto DBNull en otros tipos.
16/12/2015 04:28:05 p.m.: No se puede convertir un objeto DBNull en otros tipos.
16/12/2015 04:36:56 p.m.: No se puede convertir un objeto DBNull en otros tipos.
16/12/2015 04:36:56 p.m.: No se puede convertir un objeto DBNull en otros tipos.
16/12/2015 04:36:56 p.m.: No se puede convertir un objeto DBNull en otros tipos.
16/12/2015 04:36:56 p.m.: No se puede convertir un objeto DBNull en otros tipos.
16/12/2015 04:36:58 p.m.: No se puede convertir un objeto DBNull en otros tipos.
16/12/2015 04:37:47 p.m.: No se puede convertir un objeto DBNull en otros tipos.
16/12/2015 04:37:47 p.m.: No se puede convertir un objeto DBNull en otros tipos.
16/12/2015 04:37:47 p.m.: No se puede convertir un objeto DBNull en otros tipos.
16/12/2015 04:37:47 p.m.: No se puede convertir un objeto DBNull en otros tipos.
16/12/2015 04:37:49 p.m.: No se puede convertir un objeto DBNull en otros tipos.
16/12/2015 04:38:31 p.m.: No se puede convertir un objeto DBNull en otros tipos.
16/12/2015 04:39:15 p.m.: No se puede convertir un objeto DBNull en otros tipos.
16/12/2015 04:39:37 p.m.: No se puede convertir un objeto DBNull en otros tipos.
16/12/2015 04:39:37 p.m.: No se puede convertir un objeto DBNull en otros tipos.
16/12/2015 04:39:37 p.m.: No se puede convertir un objeto DBNull en otros tipos.
16/12/2015 04:39:37 p.m.: No se puede convertir un objeto DBNull en otros tipos.
16/12/2015 04:39:41 p.m.: No se puede convertir un objeto DBNull en otros tipos.
16/12/2015 04:40:24 p.m.: No se puede convertir un objeto DBNull en otros tipos.
16/12/2015 04:40:24 p.m.: No se puede convertir un objeto DBNull en otros tipos.
16/12/2015 04:40:24 p.m.: No se puede convertir un objeto DBNull en otros tipos.
16/12/2015 04:40:24 p.m.: No se puede convertir un objeto DBNull en otros tipos.
16/12/2015 04:40:28 p.m.: No se puede convertir un objeto DBNull en otros tipos.
16/12/2015 04:46:11 p.m.: No se puede convertir un objeto DBNull en otros tipos.
16/12/2015 04:46:11 p.m.: No se puede convertir un objeto DBNull en otros tipos.
16/12/2015 04:46:11 p.m.: No se puede convertir un objeto DBNull en otros tipos.
16/12/2015 04:46:11 p.m.: No se puede convertir un objeto DBNull en otros tipos.
16/12/2015 04:46:25 p.m.: No se puede convertir un objeto DBNull en otros tipos.
16/12/2015 04:48:19 p.m.: No se puede convertir un objeto DBNull en otros tipos.
16/12/2015 04:48:19 p.m.: No se puede convertir un objeto DBNull en otros tipos.
16/12/2015 04:48:19 p.m.: No se puede convertir un objeto DBNull en otros tipos.
16/12/2015 04:48:19 p.m.: No se puede convertir un objeto DBNull en otros tipos.
16/12/2015 04:48:19 p.m.: No se puede convertir un objeto DBNull en otros tipos.
16/12/2015 04:48:19 p.m.: No se puede convertir un objeto DBNull en otros tipos.
16/12/2015 04:48:19 p.m.: No se puede convertir un objeto DBNull en otros tipos.
16/12/2015 04:48:19 p.m.: No se puede convertir un objeto DBNull en otros tipos.
16/12/2015 04:48:50 p.m.: No se puede convertir un objeto DBNull en otros tipos.
