17/12/2015 09:44:40 a.m.: No se puede convertir un objeto DBNull en otros tipos.
17/12/2015 09:44:40 a.m.: No se puede convertir un objeto DBNull en otros tipos.
17/12/2015 09:44:40 a.m.: No se puede convertir un objeto DBNull en otros tipos.
17/12/2015 09:44:40 a.m.: No se puede convertir un objeto DBNull en otros tipos.
17/12/2015 09:47:11 a.m.: No se puede convertir un objeto DBNull en otros tipos.
17/12/2015 09:47:11 a.m.: No se puede convertir un objeto DBNull en otros tipos.
17/12/2015 09:47:11 a.m.: No se puede convertir un objeto DBNull en otros tipos.
17/12/2015 09:47:11 a.m.: No se puede convertir un objeto DBNull en otros tipos.
17/12/2015 09:47:17 a.m.: Referencia a objeto no establecida como instancia de un objeto.
17/12/2015 09:47:17 a.m.: No se puede convertir un objeto DBNull en otros tipos.
17/12/2015 09:48:15 a.m.: No se puede convertir un objeto de tipo 'System.Windows.Forms.BindingSource' al tipo 'System.Collections.Generic.List`1[CorteDeSucursales.Modelos.PuntoDeVenta]'.
17/12/2015 09:48:15 a.m.: No se puede convertir un objeto de tipo 'System.Windows.Forms.BindingSource' al tipo 'System.Collections.Generic.List`1[CorteDeSucursales.Modelos.PuntoDeVenta]'.
17/12/2015 09:48:48 a.m.: No se puede convertir un objeto de tipo 'System.Windows.Forms.BindingSource' al tipo 'System.Collections.Generic.List`1[CorteDeSucursales.Modelos.PuntoDeVenta]'.
17/12/2015 09:48:48 a.m.: No se puede convertir un objeto de tipo 'System.Windows.Forms.BindingSource' al tipo 'System.Collections.Generic.List`1[CorteDeSucursales.Modelos.PuntoDeVenta]'.
17/12/2015 09:49:00 a.m.: No se puede convertir un objeto DBNull en otros tipos.
17/12/2015 09:49:00 a.m.: No se puede convertir un objeto DBNull en otros tipos.
17/12/2015 09:49:00 a.m.: No se puede convertir un objeto DBNull en otros tipos.
17/12/2015 09:49:00 a.m.: No se puede convertir un objeto DBNull en otros tipos.
17/12/2015 09:49:38 a.m.: Referencia a objeto no establecida como instancia de un objeto.
17/12/2015 09:49:38 a.m.: No se puede convertir un objeto DBNull en otros tipos.
17/12/2015 09:51:15 a.m.: No se puede convertir un objeto DBNull en otros tipos.
17/12/2015 09:51:15 a.m.: No se puede convertir un objeto DBNull en otros tipos.
17/12/2015 09:51:15 a.m.: No se puede convertir un objeto DBNull en otros tipos.
17/12/2015 09:51:15 a.m.: No se puede convertir un objeto DBNull en otros tipos.
17/12/2015 09:51:37 a.m.: No se puede convertir un objeto DBNull en otros tipos.
17/12/2015 10:42:23 a.m.: No se puede convertir un objeto DBNull en otros tipos.
17/12/2015 10:42:23 a.m.: No se puede convertir un objeto DBNull en otros tipos.
17/12/2015 10:42:23 a.m.: No se puede convertir un objeto DBNull en otros tipos.
17/12/2015 10:42:23 a.m.: No se puede convertir un objeto DBNull en otros tipos.
17/12/2015 10:42:29 a.m.: No se puede convertir un objeto DBNull en otros tipos.
17/12/2015 10:43:20 a.m.: No se puede convertir un objeto DBNull en otros tipos.
17/12/2015 10:43:20 a.m.: No se puede convertir un objeto DBNull en otros tipos.
17/12/2015 10:43:20 a.m.: No se puede convertir un objeto DBNull en otros tipos.
17/12/2015 10:43:20 a.m.: No se puede convertir un objeto DBNull en otros tipos.
17/12/2015 10:43:26 a.m.: No se puede convertir un objeto DBNull en otros tipos.
17/12/2015 10:47:57 a.m.: No se puede convertir un objeto DBNull en otros tipos.
17/12/2015 10:47:57 a.m.: No se puede convertir un objeto DBNull en otros tipos.
17/12/2015 10:47:57 a.m.: No se puede convertir un objeto DBNull en otros tipos.
17/12/2015 10:47:58 a.m.: No se puede convertir un objeto DBNull en otros tipos.
17/12/2015 10:47:59 a.m.: No se puede convertir un objeto DBNull en otros tipos.
17/12/2015 10:50:39 a.m.: No se puede convertir un objeto DBNull en otros tipos.
17/12/2015 10:50:39 a.m.: No se puede convertir un objeto DBNull en otros tipos.
17/12/2015 10:50:39 a.m.: No se puede convertir un objeto DBNull en otros tipos.
17/12/2015 10:50:39 a.m.: No se puede convertir un objeto DBNull en otros tipos.
17/12/2015 10:50:43 a.m.: No se puede convertir un objeto DBNull en otros tipos.
17/12/2015 11:01:46 a.m.: No se puede convertir un objeto DBNull en otros tipos.
17/12/2015 11:01:46 a.m.: No se puede convertir un objeto DBNull en otros tipos.
17/12/2015 11:01:46 a.m.: No se puede convertir un objeto DBNull en otros tipos.
17/12/2015 11:01:46 a.m.: No se puede convertir un objeto DBNull en otros tipos.
17/12/2015 11:01:52 a.m.: See inner exception(s) for details.
17/12/2015 11:01:52 a.m.: No se puede convertir un objeto DBNull en otros tipos.
17/12/2015 11:06:30 a.m.: No se puede convertir un objeto DBNull en otros tipos.
17/12/2015 11:06:30 a.m.: No se puede convertir un objeto DBNull en otros tipos.
17/12/2015 11:06:30 a.m.: No se puede convertir un objeto DBNull en otros tipos.
17/12/2015 11:06:30 a.m.: No se puede convertir un objeto DBNull en otros tipos.
17/12/2015 11:06:31 a.m.: See inner exception(s) for details.
17/12/2015 11:06:31 a.m.: No se puede convertir un objeto DBNull en otros tipos.
17/12/2015 11:08:03 a.m.: No se puede convertir un objeto DBNull en otros tipos.
17/12/2015 11:08:03 a.m.: No se puede convertir un objeto DBNull en otros tipos.
17/12/2015 11:08:03 a.m.: No se puede convertir un objeto DBNull en otros tipos.
17/12/2015 11:08:03 a.m.: No se puede convertir un objeto DBNull en otros tipos.
17/12/2015 11:08:13 a.m.: See inner exception(s) for details.
17/12/2015 11:08:15 a.m.: No se puede convertir un objeto DBNull en otros tipos.
17/12/2015 11:08:52 a.m.: See inner exception(s) for details.
17/12/2015 11:08:54 a.m.: No se puede convertir un objeto DBNull en otros tipos.
17/12/2015 11:09:22 a.m.: No se puede convertir un objeto DBNull en otros tipos.
17/12/2015 11:09:23 a.m.: No se puede convertir un objeto DBNull en otros tipos.
17/12/2015 11:09:23 a.m.: No se puede convertir un objeto DBNull en otros tipos.
17/12/2015 11:09:23 a.m.: No se puede convertir un objeto DBNull en otros tipos.
17/12/2015 11:09:36 a.m.: See inner exception(s) for details.
17/12/2015 11:09:37 a.m.: No se puede convertir un objeto DBNull en otros tipos.
17/12/2015 11:10:45 a.m.: No se puede convertir un objeto DBNull en otros tipos.
17/12/2015 11:10:45 a.m.: No se puede convertir un objeto DBNull en otros tipos.
17/12/2015 11:10:45 a.m.: No se puede convertir un objeto DBNull en otros tipos.
17/12/2015 11:10:45 a.m.: No se puede convertir un objeto DBNull en otros tipos.
17/12/2015 11:10:52 a.m.: No se puede convertir un objeto DBNull en otros tipos.
17/12/2015 11:13:42 a.m.: No se puede convertir un objeto DBNull en otros tipos.
17/12/2015 11:15:13 a.m.: No se puede convertir un objeto DBNull en otros tipos.
17/12/2015 11:16:22 a.m.: No se puede convertir un objeto DBNull en otros tipos.
17/12/2015 11:17:29 a.m.: No se puede convertir un objeto DBNull en otros tipos.
17/12/2015 11:18:57 a.m.: No se puede convertir un objeto DBNull en otros tipos.
17/12/2015 11:18:57 a.m.: No se puede convertir un objeto DBNull en otros tipos.
17/12/2015 11:18:57 a.m.: No se puede convertir un objeto DBNull en otros tipos.
17/12/2015 11:18:57 a.m.: No se puede convertir un objeto DBNull en otros tipos.
17/12/2015 11:19:03 a.m.: See inner exception(s) for details.
17/12/2015 11:19:10 a.m.: See inner exception(s) for details.
17/12/2015 11:19:32 a.m.: See inner exception(s) for details.
17/12/2015 11:19:42 a.m.: See inner exception(s) for details.
17/12/2015 11:30:51 a.m.: No se puede convertir un objeto DBNull en otros tipos.
17/12/2015 11:30:52 a.m.: No se puede convertir un objeto DBNull en otros tipos.
17/12/2015 11:30:52 a.m.: No se puede convertir un objeto DBNull en otros tipos.
17/12/2015 11:30:52 a.m.: No se puede convertir un objeto DBNull en otros tipos.
17/12/2015 11:30:55 a.m.: No se puede convertir un objeto DBNull en otros tipos.
17/12/2015 11:31:10 a.m.: No se puede convertir un objeto DBNull en otros tipos.
17/12/2015 11:31:21 a.m.: No se puede convertir un objeto DBNull en otros tipos.
17/12/2015 11:49:12 a.m.: See inner exception(s) for details.
17/12/2015 11:49:12 a.m.: No se puede convertir un objeto DBNull en otros tipos.
17/12/2015 11:49:24 a.m.: No se puede convertir un objeto DBNull en otros tipos.
17/12/2015 11:55:22 a.m.: No se puede convertir un objeto DBNull en otros tipos.
17/12/2015 04:43:31 p.m.: No se puede convertir un objeto DBNull en otros tipos.
17/12/2015 04:43:31 p.m.: No se puede convertir un objeto DBNull en otros tipos.
17/12/2015 04:43:31 p.m.: No se puede convertir un objeto DBNull en otros tipos.
17/12/2015 04:43:31 p.m.: No se puede convertir un objeto DBNull en otros tipos.
17/12/2015 04:43:35 p.m.: No se puede convertir un objeto DBNull en otros tipos.
17/12/2015 04:43:53 p.m.: No se puede convertir un objeto DBNull en otros tipos.
